2024-02-02 16:22:41 - Initializing Spring DispatcherServlet 'dispatcherServlet'
2024-02-02 16:22:41 - Initializing Servlet 'dispatcherServlet'
2024-02-02 16:22:41 - Completed initialization in 0 ms
2024-02-02 16:22:41 - *** loadForm() executed successfully ***
2024-02-02 16:24:40 - viewContacts successfully completed
2024-02-02 16:24:45 - *** loadForm() executed successfully ***
2024-02-02 16:25:00 - *** contact Saved successfully ***
2024-02-02 16:25:19 - *** contact Saved successfully ***
2024-02-02 16:25:20 - viewContacts successfully completed
2024-02-02 16:26:01 - contact edited successfully
2024-02-02 16:26:07 - *** contact Updated successfully ***
2024-02-02 16:26:09 - viewContacts successfully completed
2024-02-02 16:26:29 - contact deleted Successfully
2024-02-02 16:26:29 - viewContacts successfully completed
2024-02-02 16:26:33 - *** loadForm() executed successfully ***
2024-02-02 16:26:51 - Application shutdown requested.
2024-02-02 16:26:51 - Closing JPA EntityManagerFactory for persistence unit 'default'
2024-02-02 16:26:51 - Invocation of destroy method failed on bean with name 'inMemoryDatabaseShutdownExecutor': org.h2.jdbc.JdbcSQLNonTransientConnectionException: Database is already closed (to disable automatic closing at VM shutdown, add ";DB_CLOSE_ON_EXIT=FALSE" to the db URL) [90121-224]
2024-02-02 16:26:51 - HikariPool-1 - Shutdown initiated...
2024-02-02 16:26:51 - HikariPool-1 - Shutdown completed.
2024-02-02 16:44:53 - Starting Application using Java 17.0.9 with PID 19896 (C:\zettamine\spring\boot\mvc\phone-book-app\target\classes started by Sunil Joseph in C:\zettamine\spring\boot\mvc\phone-book-app)
2024-02-02 16:44:53 - No active profile set, falling back to 1 default profile: "default"
2024-02-02 16:44:53 - Devtools property defaults active! Set 'spring.devtools.add-properties' to 'false' to disable
2024-02-02 16:44:53 - For additional web related logging consider setting the 'logging.level.web' property to 'DEBUG'
2024-02-02 16:44:54 - Bootstrapping Spring Data JPA repositories in DEFAULT mode.
2024-02-02 16:44:54 - Finished Spring Data repository scanning in 32 ms. Found 1 JPA repository interface.
2024-02-02 16:44:54 - Tomcat initialized with port 8080 (http)
2024-02-02 16:44:54 - Starting service [Tomcat]
2024-02-02 16:44:54 - Starting Servlet engine: [Apache Tomcat/10.1.18]
2024-02-02 16:44:54 - At least one JAR was scanned for TLDs yet contained no TLDs. Enable debug logging for this logger for a complete list of JARs that were scanned but no TLDs were found in them. Skipping unneeded JARs during scanning can improve startup time and JSP compilation time.
2024-02-02 16:44:54 - Initializing Spring embedded WebApplicationContext
2024-02-02 16:44:54 - Root WebApplicationContext: initialization completed in 1001 ms
2024-02-02 16:44:54 - HikariPool-1 - Starting...
2024-02-02 16:44:55 - HikariPool-1 - Added connection conn0: url=jdbc:h2:mem:testdb user=SA
2024-02-02 16:44:55 - HikariPool-1 - Start completed.
2024-02-02 16:44:55 - H2 console available at '/h2-console'. Database available at 'jdbc:h2:mem:testdb'
2024-02-02 16:44:55 - HHH000204: Processing PersistenceUnitInfo [name: default]
2024-02-02 16:44:55 - HHH000412: Hibernate ORM core version 6.4.1.Final
2024-02-02 16:44:55 - HHH000026: Second-level cache disabled
2024-02-02 16:44:55 - No LoadTimeWeaver setup: ignoring JPA class transformer
2024-02-02 16:44:55 - HHH000489: No JTA platform available (set 'hibernate.transaction.jta.platform' to enable JTA platform integration)
2024-02-02 16:44:55 - Initialized JPA EntityManagerFactory for persistence unit 'default'
2024-02-02 16:44:56 - spring.jpa.open-in-view is enabled by default. Therefore, database queries may be performed during view rendering. Explicitly configure spring.jpa.open-in-view to disable this warning
2024-02-02 16:44:56 - Adding welcome page template: index
2024-02-02 16:44:56 - LiveReload server is running on port 35729
2024-02-02 16:44:56 - Tomcat started on port 8080 (http) with context path ''
2024-02-02 16:44:56 - Started Application in 2.824 seconds (process running for 3.325)
2024-02-02 16:45:06 - Initializing Spring DispatcherServlet 'dispatcherServlet'
2024-02-02 16:45:06 - Initializing Servlet 'dispatcherServlet'
2024-02-02 16:45:06 - Completed initialization in 0 ms
2024-02-02 16:45:06 - *** loadHomePage() executed successfully ***
2024-02-02 16:45:11 - *** loadHomePage() executed successfully ***
2024-02-02 16:46:24 - Resolved [org.springframework.web.bind.MethodArgumentNotValidException: Validation failed for argument [0] in public java.lang.String com.zettamine.controller.ContactController.handleSaveContactBtn(com.zettamine.entity.Contact,org.springframework.web.servlet.mvc.support.RedirectAttributes): [Field error in object 'contact' on field 'contactNumber': rejected value [praveen@gmail.com]; codes [typeMismatch.contact.contactNumber,typeMismatch.contactNumber,typeMismatch.java.lang.Long,typeMismatch]; arguments [org.springframework.context.support.DefaultMessageSourceResolvable: codes [contact.contactNumber,contactNumber]; arguments []; default message [contactNumber]]; default message [Failed to convert property value of type 'java.lang.String' to required type 'java.lang.Long' for property 'contactNumber'; For input string: "praveen@gmail.com"]] ]
2024-02-02 16:46:43 - *** contact Saved successfully ***
2024-02-02 16:47:03 - *** contact Saved successfully ***
2024-02-02 16:47:06 - viewContacts successfully completed
2024-02-02 16:47:12 - contact edited successfully
2024-02-02 16:47:38 - *** contact Updated successfully ***
2024-02-02 16:47:40 - viewContacts successfully completed
2024-02-02 16:47:52 - contact deleted Successfully
2024-02-02 16:47:52 - viewContacts successfully completed
2024-02-02 16:48:13 - viewContacts successfully completed
2024-02-02 16:48:41 - Application shutdown requested.
2024-02-02 16:48:41 - Closing JPA EntityManagerFactory for persistence unit 'default'
2024-02-02 16:48:41 - Invocation of destroy method failed on bean with name 'inMemoryDatabaseShutdownExecutor': org.h2.jdbc.JdbcSQLNonTransientConnectionException: Database is already closed (to disable automatic closing at VM shutdown, add ";DB_CLOSE_ON_EXIT=FALSE" to the db URL) [90121-224]
2024-02-02 16:48:41 - HikariPool-1 - Shutdown initiated...
2024-02-02 16:48:41 - HikariPool-1 - Shutdown completed.
